[2021-12-30 02:16:07.013] [exthost] [info] Extension host with pid 2428 started
[2021-12-30 02:16:07.013] [exthost] [info] Skipping acquiring lock for /home/nighttsu/.config/Code/User/workspaceStorage/14bb7f9d670b6411e552d47b581238d1.
[2021-12-30 02:16:07.174] [exthost] [info] ExtensionService#_doActivateExtension vscode.microsoft-authentication, startup: false, activationEvent: 'onAuthenticationRequest:microsoft'
[2021-12-30 02:16:07.377] [exthost] [info] ExtensionService#_doActivateExtension vscode.debug-auto-launch, startup: true, activationEvent: '*'
[2021-12-30 02:16:07.751] [exthost] [info] ExtensionService#_doActivateExtension vscode.git-base, startup: true, activationEvent: '*', root cause: vscode.github
[2021-12-30 02:16:07.981] [exthost] [info] ExtensionService#_doActivateExtension bierner.color-info, startup: true, activationEvent: '*'
[2021-12-30 02:16:08.261] [exthost] [info] ExtensionService#_doActivateExtension CoenraadS.bracket-pair-colorizer, startup: true, activationEvent: '*'
[2021-12-30 02:16:10.400] [exthost] [info] ExtensionService#_doActivateExtension naumovs.color-highlight, startup: true, activationEvent: '*'
[2021-12-30 02:16:10.469] [exthost] [info] ExtensionService#_doActivateExtension vscodevim.vim, startup: true, activationEvent: '*'
[2021-12-30 02:16:11.140] [exthost] [info] ExtensionService#_doActivateExtension vscode.git, startup: true, activationEvent: '*'
[2021-12-30 02:16:11.304] [exthost] [info] ExtensionService#_doActivateExtension vscode.github, startup: true, activationEvent: '*'
[2021-12-30 02:16:11.596] [exthost] [info] Eager extensions activated
[2021-12-30 02:16:11.737] [exthost] [info] ExtensionService#_doActivateExtension vscode.emmet, startup: false, activationEvent: 'onStartupFinished'
[2021-12-30 02:16:11.831] [exthost] [info] ExtensionService#_doActivateExtension vscode.merge-conflict, startup: false, activationEvent: 'onStartupFinished'
[2021-12-30 02:16:11.915] [exthost] [info] ExtensionService#_doActivateExtension ms-vscode-remote.remote-containers, startup: false, activationEvent: 'onStartupFinished'
[2021-12-30 02:16:12.230] [exthost] [info] ExtensionService#_doActivateExtension ms-vscode-remote.remote-wsl, startup: false, activationEvent: 'onStartupFinished'
[2021-12-30 02:16:12.402] [exthost] [info] ExtensionService#_doActivateExtension PKief.material-icon-theme, startup: false, activationEvent: 'onStartupFinished'
[2021-12-30 02:16:12.544] [exthost] [info] ExtensionService#_doActivateExtension vscode.github-authentication, startup: false, activationEvent: 'onAuthenticationRequest:github'
[2021-12-30 02:16:43.867] [exthost] [info] extension host terminating: renderer closed the socket
[2021-12-30 02:16:43.920] [exthost] [info] Extension host with pid 2428 exiting with code 0
