Validating found git in: git
Using git 2.17.1 from git
> git rev-parse --git-dir
Open repository: /home/nighttsu/Python-learning
> git fetch
> git status -z -u
> git symbolic-ref --short HEAD
> git for-each-ref --format=%(refname)%00%(upstream:short)%00%(objectname)%00%(upstream:track) refs/heads/master refs/remotes/master
> git for-each-ref --sort -committerdate --format %(refname) %(objectname) %(*objectname)
> git remote --verbose
> git config --get commit.template
> git check-ignore -v -z --stdin
Missing or invalid credentials.
Skip silent fetch commands
Missing or invalid credentials.
Skip silent fetch commands
remote: Repository not found.
fatal: Authentication failed for 'https://github.com/night2780/Python-learning.git/'
> git check-ignore -v -z --stdin
> git show --textconv :oop_programing/medal.py
> git ls-files --stage -- /home/nighttsu/Python-learning/oop_programing/medal.py
> git cat-file -s 6eb014f4b4acc68a95ed316f56afe0ffb6173647
> git show --textconv :oop_programing/medal.py
> git ls-files --stage -- /home/nighttsu/Python-learning/oop_programing/medal.py
> git cat-file -s 6eb014f4b4acc68a95ed316f56afe0ffb6173647
> git show --textconv :oop_programing/medal.py
> git ls-files --stage -- /home/nighttsu/Python-learning/oop_programing/medal.py
> git cat-file -s 6eb014f4b4acc68a95ed316f56afe0ffb6173647
> git show --textconv :oop_programing/medal.py
> git ls-files --stage -- /home/nighttsu/Python-learning/oop_programing/medal.py
> git cat-file -s 6eb014f4b4acc68a95ed316f56afe0ffb6173647
> git show --textconv :oop_programing/medal.py
> git ls-files --stage -- /home/nighttsu/Python-learning/oop_programing/medal.py
> git cat-file -s 6eb014f4b4acc68a95ed316f56afe0ffb6173647
> git show --textconv :oop_programing/medal.py
> git ls-files --stage -- /home/nighttsu/Python-learning/oop_programing/medal.py
> git cat-file -s 6eb014f4b4acc68a95ed316f56afe0ffb6173647
> git show --textconv :oop_programing/medal.py
> git ls-files --stage -- /home/nighttsu/Python-learning/oop_programing/medal.py
> git cat-file -s 6eb014f4b4acc68a95ed316f56afe0ffb6173647
