[DEBUG Dec 18 23:39:21.736535090, defaults.go:267] Args: [/tmp/state-update239543218/state-install/state-installer /home/nighttsu/.komodoide/12.0/XRE/state -n -f -t /home/nighttsu/.komodoide/12.0/XRE/state --source-installer=install.sh --from-deferred --source-path /tmp/state-update239543218/state-install]
[DEBUG Dec 18 23:39:21.741270430, locale.go:38] Init
[DEBUG Dec 18 23:39:21.956741132, errs.go:68] Created error: File could not be found
[DEBUG Dec 18 23:39:21.969727642, errs.go:68] Created error: Not Recognized
[DEBUG Dec 18 23:39:22.004198185, errs.go:68] Created error: Secret not found
[DEBUG Dec 18 23:39:22.004762467, errs.go:68] Created error: Could not save keypair
[DEBUG Dec 18 23:39:22.005456643, errs.go:68] Created error: Build responded with error
[DEBUG Dec 18 23:39:22.005621703, errs.go:68] Created error: Unknown build type
[DEBUG Dec 18 23:39:22.006020246, errors.go:86] Wrapped localized error: <nil> -- with: The installed version of the State Tool Service does not match that of the client.
Please stop the service with [ACTIONABLE]state-svc stop[/RESET] and try your command again.
If this issue persists please reinstall the State Tool.

[DEBUG Dec 18 23:39:22.006061948, errs.go:68] Created error: no data
[DEBUG Dec 18 23:39:22.006401641, errs.go:68] Created error: member not found
[DEBUG Dec 18 23:39:22.006679359, errs.go:68] Created error: Commit count is unknowable
[DEBUG Dec 18 23:39:22.006816506, errs.go:68] Created error: No merge required
[DEBUG Dec 18 23:39:22.006904409, errs.go:68] Created error: Can't merge commit thats already in target commits history
[DEBUG Dec 18 23:39:22.006982802, errs.go:68] Created error: Bad expander name
[DEBUG Dec 18 23:39:22.007049338, errs.go:68] Created error: Expander has no handler
[DEBUG Dec 18 23:39:22.009024110, output.go:53] Requested outputer for plain
[DEBUG Dec 18 23:39:22.009067262, output.go:58] Using Plain outputer
[DEBUG Dec 18 23:39:22.009101680, cmd.go:115] Original Args: [/tmp/state-update239543218/state-install/state-installer /home/nighttsu/.komodoide/12.0/XRE/state -n -f -t /home/nighttsu/.komodoide/12.0/XRE/state --source-installer=install.sh --from-deferred --source-path /tmp/state-update239543218/state-install]
[DEBUG Dec 18 23:39:22.009151404, cmd.go:116] Processed Args: [/tmp/state-update239543218/state-install/state-installer /home/nighttsu/.komodoide/12.0/XRE/state -n -f -t /home/nighttsu/.komodoide/12.0/XRE/state --source-installer=install.sh --from-deferred --source-path /tmp/state-update239543218/state-install]
[DEBUG Dec 18 23:39:22.090213738, client.go:128] Reporting event to 2 reporters: installer-funnel, start, 
[DEBUG Dec 18 23:39:22.090298718, client.go:128] Reporting event to 2 reporters: run-command, state-installer , 
[DEBUG Dec 18 23:39:22.090245779, client.go:128] Reporting event to 2 reporters: installer-funnel, pre-exec, 
[DEBUG Dec 18 23:39:22.090489352, cmd.go:254] Not using update flow as --force was passed
[DEBUG Dec 18 23:39:22.090535723, cmd.go:296] Install from local source
[DEBUG Dec 18 23:39:22.090579324, installer.go:36] Instantiated installer with source dir: /tmp/state-update239543218/state-install, target dir: /home/nighttsu/.komodoide/12.0/XRE/state
[DEBUG Dec 18 23:39:22.090643391, termutils.go:17] Cannot get terminal size: inappropriate ioctl for device
[DEBUG Dec 18 23:39:22.090752363, client.go:128] Reporting event to 2 reporters: installer-funnel, exec, 
[DEBUG Dec 18 23:39:22.090967357, errs.go:75] Wrapped error: process does not exist -- with: state-tray pid not set in config
[DEBUG Dec 18 23:39:22.090970822, client.go:128] Reporting event to 2 reporters: installer-funnel, install, 
[DEBUG Dec 18 23:39:22.091045951, client.go:128] Reporting event to 2 reporters: installer-funnel, local-source, 
[DEBUG Dec 18 23:39:22.091276001, client.go:128] Reporting event to 2 reporters: installer-funnel, pre-installer, 
[DEBUG Dec 18 23:39:22.093512190, errs.go:75] Wrapped error: process does not exist -- with: state-tray pid not set in config
[DEBUG Dec 18 23:39:22.093681681, exeutils.go:120] Executing command: /home/nighttsu/.komodoide/12.0/XRE/state/bin/state-svc, [stop]
[DEBUG Dec 18 23:39:24.120228096, fileutils.go:538] Copying files from /tmp/state-update239543218/state-install to /home/nighttsu/.komodoide/12.0/XRE/state
[DEBUG Dec 18 23:39:24.628608697, fileutils.go:538] Copying files from /tmp/state-update239543218/state-install/bin to /home/nighttsu/.komodoide/12.0/XRE/state
[DEBUG Dec 18 23:39:24.902903140, subshell.go:102] Detected SHELL: zsh
[DEBUG Dec 18 23:39:24.902948395, subshell.go:134] Using binary: /bin/zsh
[DEBUG Dec 18 23:39:24.903217258, rcfile.go:159] Cleaning previous RC lines from /home/nighttsu/.zshrc
[DEBUG Dec 18 23:39:24.903959390, rcfile.go:89] Writing to /home/nighttsu/.zshrc:
# -- START ACTIVESTATE INSTALLATION
export PATH="/home/nighttsu/.komodoide/12.0/XRE/state:$PATH"
# -- STOP ACTIVESTATE INSTALLATION

[DEBUG Dec 18 23:39:24.904140885, exeutils.go:100] ExecSimpleFromDir: dir: , bin: /home/nighttsu/.komodoide/12.0/XRE/state/bin/state, args: [_prepare]
[DEBUG Dec 18 23:39:27.696145376, installer.go:118] Installation was successful
[DEBUG Dec 18 23:39:27.696321768, termutils.go:17] Cannot get terminal size: inappropriate ioctl for device
[DEBUG Dec 18 23:39:27.696418725, client.go:128] Reporting event to 2 reporters: installer-funnel, post-installer, 
[DEBUG Dec 18 23:39:27.696550521, termutils.go:17] Cannot get terminal size: inappropriate ioctl for device
[DEBUG Dec 18 23:39:27.696640902, termutils.go:17] Cannot get terminal size: inappropriate ioctl for device
[DEBUG Dec 18 23:39:27.696712516, termutils.go:17] Cannot get terminal size: inappropriate ioctl for device
[DEBUG Dec 18 23:39:27.696860569, termutils.go:17] Cannot get terminal size: inappropriate ioctl for device
[DEBUG Dec 18 23:39:27.697067201, termutils.go:17] Cannot get terminal size: inappropriate ioctl for device
[DEBUG Dec 18 23:39:27.697169549, termutils.go:17] Cannot get terminal size: inappropriate ioctl for device
[DEBUG Dec 18 23:39:27.697306682, termutils.go:17] Cannot get terminal size: inappropriate ioctl for device
[DEBUG Dec 18 23:39:27.698472525, subshell.go:102] Detected SHELL: zsh
[DEBUG Dec 18 23:39:27.698564535, subshell.go:134] Using binary: /bin/zsh
[DEBUG Dec 18 23:39:27.698889196, sscommon.go:41] Starting subshell with cmd: /bin/zsh
[DEBUG Dec 18 23:39:27.698957527, client.go:128] Reporting event to 2 reporters: installer-funnel, post-install-events, 
[DEBUG Dec 18 23:50:56.562302945, client.go:128] Reporting event to 2 reporters: command-exit, state-installer , 0
[DEBUG Dec 18 23:50:56.563296886, client.go:128] Reporting event to 2 reporters: installer-funnel, success, 
