[DEBUG Dec 19 04:30:27.315706967, defaults.go:267] Args: [/home/nighttsu/.komodoide/12.0/XRE/state/bin/state-svc stop]
[DEBUG Dec 19 04:30:27.322125540, locale.go:38] Init
[DEBUG Dec 19 04:30:27.624370313, errs.go:68] Created error: File could not be found
[DEBUG Dec 19 04:30:27.635813571, errs.go:68] Created error: Not Recognized
[DEBUG Dec 19 04:30:27.678054863, errs.go:68] Created error: Secret not found
[DEBUG Dec 19 04:30:27.678198595, errs.go:68] Created error: Could not save keypair
[DEBUG Dec 19 04:30:27.678637661, errs.go:68] Created error: Build responded with error
[DEBUG Dec 19 04:30:27.678710066, errs.go:68] Created error: Unknown build type
[DEBUG Dec 19 04:30:27.679032034, errors.go:86] Wrapped localized error: <nil> -- with: The installed version of the State Tool Service does not match that of the client.
Please stop the service with [ACTIONABLE]state-svc stop[/RESET] and try your command again.
If this issue persists please reinstall the State Tool.

[DEBUG Dec 19 04:30:27.679085587, errs.go:68] Created error: no data
[DEBUG Dec 19 04:30:27.679161972, errs.go:68] Created error: member not found
[DEBUG Dec 19 04:30:27.679229259, errs.go:68] Created error: Commit count is unknowable
[DEBUG Dec 19 04:30:27.679296336, errs.go:68] Created error: No merge required
[DEBUG Dec 19 04:30:27.679348450, errs.go:68] Created error: Can't merge commit thats already in target commits history
[DEBUG Dec 19 04:30:27.679390980, errs.go:68] Created error: Bad expander name
[DEBUG Dec 19 04:30:27.679428846, errs.go:68] Created error: Expander has no handler
[DEBUG Dec 19 04:30:27.680895311, errs.go:68] Created error: Service is already running
[DEBUG Dec 19 04:30:27.711474278, secrets.go:35] Gcloud Secretmanager failed to initialize (ignore if you're not trying to use gcloud): google: could not find default credentials. See https://developers.google.com/accounts/docs/application-default-credentials for more information.
[DEBUG Dec 19 04:30:27.799026637, output.go:53] Requested outputer for 
[DEBUG Dec 19 04:30:27.799098954, output.go:58] Using Plain outputer
[DEBUG Dec 19 04:30:27.799240132, termutils.go:17] Cannot get terminal size: inappropriate ioctl for device
[DEBUG Dec 19 04:30:27.799393151, client.go:128] Reporting event to 2 reporters: run-command, state-svc stop, 
[DEBUG Dec 19 04:30:27.799613642, main.go:119] Running CmdStop
[DEBUG Dec 19 04:30:27.800001972, client.go:128] Reporting event to 2 reporters: command-exit, state-svc stop, 0
