[DEBUG Dec 18 23:39:25.743158112, defaults.go:267] Args: [/home/nighttsu/.komodoide/12.0/XRE/state/bin/state-svc start]
[DEBUG Dec 18 23:39:25.747873996, locale.go:38] Init
[DEBUG Dec 18 23:39:26.223149774, errs.go:68] Created error: File could not be found
[DEBUG Dec 18 23:39:26.235729703, errs.go:68] Created error: Not Recognized
[DEBUG Dec 18 23:39:26.277935030, errs.go:68] Created error: Secret not found
[DEBUG Dec 18 23:39:26.278084287, errs.go:68] Created error: Could not save keypair
[DEBUG Dec 18 23:39:26.278582629, errs.go:68] Created error: Build responded with error
[DEBUG Dec 18 23:39:26.278673228, errs.go:68] Created error: Unknown build type
[DEBUG Dec 18 23:39:26.279070666, errors.go:86] Wrapped localized error: <nil> -- with: The installed version of the State Tool Service does not match that of the client.
Please stop the service with [ACTIONABLE]state-svc stop[/RESET] and try your command again.
If this issue persists please reinstall the State Tool.

[DEBUG Dec 18 23:39:26.279134371, errs.go:68] Created error: no data
[DEBUG Dec 18 23:39:26.279205177, errs.go:68] Created error: member not found
[DEBUG Dec 18 23:39:26.279272771, errs.go:68] Created error: Commit count is unknowable
[DEBUG Dec 18 23:39:26.279336725, errs.go:68] Created error: No merge required
[DEBUG Dec 18 23:39:26.279399981, errs.go:68] Created error: Can't merge commit thats already in target commits history
[DEBUG Dec 18 23:39:26.279467203, errs.go:68] Created error: Bad expander name
[DEBUG Dec 18 23:39:26.279530596, errs.go:68] Created error: Expander has no handler
[DEBUG Dec 18 23:39:26.281270407, errs.go:68] Created error: Service is already running
[DEBUG Dec 18 23:39:26.309642492, secrets.go:35] Gcloud Secretmanager failed to initialize (ignore if you're not trying to use gcloud): google: could not find default credentials. See https://developers.google.com/accounts/docs/application-default-credentials for more information.
[DEBUG Dec 18 23:39:26.396057098, output.go:53] Requested outputer for 
[DEBUG Dec 18 23:39:26.396131072, output.go:58] Using Plain outputer
[DEBUG Dec 18 23:39:26.396352581, termutils.go:17] Cannot get terminal size: inappropriate ioctl for device
[DEBUG Dec 18 23:39:26.396481122, client.go:128] Reporting event to 2 reporters: run-command, state-svc start, 
[DEBUG Dec 18 23:39:26.396751074, main.go:109] Running CmdStart
[DEBUG Dec 18 23:39:26.397708757, exeutils.go:149] Executing: /home/nighttsu/.komodoide/12.0/XRE/state/bin/state-svc [foreground]
[DEBUG Dec 18 23:39:26.566852235, manager.go:67] Process started using pid 31337
[DEBUG Dec 18 23:39:26.567168101, client.go:128] Reporting event to 2 reporters: command-exit, state-svc start, 0
