[DEBUG Dec 18 22:54:47.129969720, defaults.go:267] Args: [/home/nighttsu/.komodoide/12.0/XRE/state/bin/state-svc start]
[DEBUG Dec 18 22:54:47.136525406, locale.go:38] Init
[DEBUG Dec 18 22:54:47.492260655, errs.go:68] Created error: File could not be found
[DEBUG Dec 18 22:54:47.505642110, errs.go:68] Created error: Not Recognized
[DEBUG Dec 18 22:54:47.548241548, errs.go:68] Created error: Secret not found
[DEBUG Dec 18 22:54:47.548387744, errs.go:68] Created error: Could not save keypair
[DEBUG Dec 18 22:54:47.548917105, errs.go:68] Created error: Build responded with error
[DEBUG Dec 18 22:54:47.549009283, errs.go:68] Created error: Unknown build type
[DEBUG Dec 18 22:54:47.549348779, errors.go:86] Wrapped localized error: <nil> -- with: The installed version of the State Tool Service does not match that of the client.
Please stop the service with [ACTIONABLE]state-svc stop[/RESET] and try your command again.
If this issue persists please reinstall the State Tool.

[DEBUG Dec 18 22:54:47.549403111, errs.go:68] Created error: no data
[DEBUG Dec 18 22:54:47.549472220, errs.go:68] Created error: member not found
[DEBUG Dec 18 22:54:47.549537096, errs.go:68] Created error: Commit count is unknowable
[DEBUG Dec 18 22:54:47.549600941, errs.go:68] Created error: No merge required
[DEBUG Dec 18 22:54:47.549666050, errs.go:68] Created error: Can't merge commit thats already in target commits history
[DEBUG Dec 18 22:54:47.549754302, errs.go:68] Created error: Bad expander name
[DEBUG Dec 18 22:54:47.549821114, errs.go:68] Created error: Expander has no handler
[DEBUG Dec 18 22:54:47.552722373, errs.go:68] Created error: Service is already running
[DEBUG Dec 18 22:54:47.581470126, secrets.go:35] Gcloud Secretmanager failed to initialize (ignore if you're not trying to use gcloud): google: could not find default credentials. See https://developers.google.com/accounts/docs/application-default-credentials for more information.
[DEBUG Dec 18 22:54:47.672681904, output.go:53] Requested outputer for 
[DEBUG Dec 18 22:54:47.672758802, output.go:58] Using Plain outputer
[DEBUG Dec 18 22:54:47.672915179, termutils.go:17] Cannot get terminal size: inappropriate ioctl for device
[DEBUG Dec 18 22:54:47.673056138, client.go:128] Reporting event to 2 reporters: run-command, state-svc start, 
[DEBUG Dec 18 22:54:47.673267605, main.go:109] Running CmdStart
[DEBUG Dec 18 22:54:47.673545623, exeutils.go:149] Executing: /home/nighttsu/.komodoide/12.0/XRE/state/bin/state-svc [foreground]
[DEBUG Dec 18 22:54:47.803047544, manager.go:67] Process started using pid 29724
[DEBUG Dec 18 22:54:47.803223480, client.go:128] Reporting event to 2 reporters: command-exit, state-svc start, 0
